{"level":"info","message":{"__v":0,"_id":"61f006cc9e70f850b35953fb","email":"cleaverline@gmail.com","name":"Ali Ağa","password":"926a670eb0797273fc63412cd897905e29aef927cec064c0b282457db118ba80","verified":true},"service":"user-service"}
{"level":"info","message":{"__v":0,"_id":"61f695d80f5a969f5bffd02c","email":"clas@gmail.com","name":"Blabal","password":"4b0c47f8fbbfadf2b8291ea2dec6449f0411ccee1ad7ee5bcd5cb7da368874f4","verified":false},"service":"user-service"}
{"level":"info","message":{"__v":0,"_id":"61f696020f5a969f5bffd031","email":"clas@gmail.com","name":"Blabal","password":"4b0c47f8fbbfadf2b8291ea2dec6449f0411ccee1ad7ee5bcd5cb7da368874f4","verified":false},"service":"user-service"}
{"level":"info","message":{"__v":0,"_id":"61f696160f5a969f5bffd035","email":"clas@gmail.com","name":"Blaba332l","password":"4b0c47f8fbbfadf2b8291ea2dec6449f0411ccee1ad7ee5bcd5cb7da368874f4","verified":false},"service":"user-service"}
{"level":"info","message":{"__v":0,"_id":"61f696e7aeb072d49e9f5369","email":"clas@gmail.com","name":"Blaba332l","password":"4b0c47f8fbbfadf2b8291ea2dec6449f0411ccee1ad7ee5bcd5cb7da368874f4","verified":false},"service":"user-service"}
{"level":"info","message":{"__v":0,"_id":"61f69763a2cbdbdd14c8add2","email":"clas@gmail.com","name":"Blaba332fl","password":"4b0c47f8fbbfadf2b8291ea2dec6449f0411ccee1ad7ee5bcd5cb7da368874f4","verified":false},"service":"user-service"}
{"level":"info","message":{"__v":0,"_id":"61f6979cde02c31126807a82","email":"clas@gmail.com","name":"Blaba332fl","password":"4b0c47f8fbbfadf2b8291ea2dec6449f0411ccee1ad7ee5bcd5cb7da368874f4","verified":false},"service":"user-service"}
{"level":"info","message":{"__v":0,"_id":"61f697f277f9e5818b451d2c","email":"clas@gmail.com","name":"Blaba332fl","password":"4b0c47f8fbbfadf2b8291ea2dec6449f0411ccee1ad7ee5bcd5cb7da368874f4","verified":false},"service":"user-service"}
{"level":"info","message":{"__v":0,"_id":"61f6990fe9f5037a45e49ffe","email":"clas@gmail.com","name":"Blaba332fl","password":"4b0c47f8fbbfadf2b8291ea2dec6449f0411ccee1ad7ee5bcd5cb7da368874f4","verified":false},"service":"user-service"}
{"level":"info","message":{"__v":0,"_id":"61f699338183c06b51369163","email":"clas@gmail.com","name":"Blaba332fl","password":"4b0c47f8fbbfadf2b8291ea2dec6449f0411ccee1ad7ee5bcd5cb7da368874f4","verified":false},"service":"user-service"}
{"level":"info","message":{"__v":0,"_id":"61f69a3d24fa96d2dfdf7257","email":"clas@gmail.com","name":"Blaba332fl","password":"4b0c47f8fbbfadf2b8291ea2dec6449f0411ccee1ad7ee5bcd5cb7da368874f4","verified":false},"service":"user-service"}
{"level":"info","message":{"__v":0,"_id":"61f69a4ad921d40a2810e333","email":"clas@gmail.com","name":"Blaba332fl","password":"4b0c47f8fbbfadf2b8291ea2dec6449f0411ccee1ad7ee5bcd5cb7da368874f4","verified":false},"service":"user-service"}
{"level":"info","message":{"__v":0,"_id":"61f69a4bd921d40a2810e337","email":"clas@gmail.com","name":"Blaba332fl","password":"4b0c47f8fbbfadf2b8291ea2dec6449f0411ccee1ad7ee5bcd5cb7da368874f4","verified":false},"service":"user-service"}
{"level":"info","message":{"__v":0,"_id":"61f69b614bd2090a15367a8d","email":"clas@gmail.com","name":"Blaba332fl","password":"4b0c47f8fbbfadf2b8291ea2dec6449f0411ccee1ad7ee5bcd5cb7da368874f4","verified":false},"service":"user-service"}
{"level":"info","message":{"__v":0,"_id":"61f69b956677dea6d598c89a","email":"clas@gmail.com","name":"Blaba332fl","password":"4b0c47f8fbbfadf2b8291ea2dec6449f0411ccee1ad7ee5bcd5cb7da368874f4","verified":false},"service":"user-service"}
{"level":"info","message":{"__v":0,"_id":"61f69c0024ae88f9c7b92179","email":"clas@gmail.com","name":"Blaba332fl","password":"4b0c47f8fbbfadf2b8291ea2dec6449f0411ccee1ad7ee5bcd5cb7da368874f4","verified":false},"service":"user-service"}
{"level":"info","message":{"__v":0,"_id":"61f69c1624ae88f9c7b9217d","email":"clas@gmail.com","name":"Blaba332flsada","password":"4b0c47f8fbbfadf2b8291ea2dec6449f0411ccee1ad7ee5bcd5cb7da368874f4","verified":false},"service":"user-service"}
{"level":"info","message":{"__v":0,"_id":"61f69c5878312f5a3f472052","email":"clas@gmail.com","name":"Resspons","password":"4b0c47f8fbbfadf2b8291ea2dec6449f0411ccee1ad7ee5bcd5cb7da368874f4","verified":false},"service":"user-service"}
{"level":"info","message":{"__v":0,"_id":"61f69c6f78312f5a3f472056","email":"clas@gmail.com","name":"Resspons","password":"4b0c47f8fbbfadf2b8291ea2dec6449f0411ccee1ad7ee5bcd5cb7da368874f4","verified":false},"service":"user-service"}
{"level":"info","message":{"__v":0,"_id":"61f69cd43d084c47e9c90eb6","email":"clas@gmail.com","name":"Resspons1","password":"4b0c47f8fbbfadf2b8291ea2dec6449f0411ccee1ad7ee5bcd5cb7da368874f4","verified":false},"service":"user-service"}
